This is pdfTeX, Version 3.141592653-2.6-1.40.23 (TeX Live 2021/W32TeX) (preloaded format=pdflatex 2021.10.29)  30 OCT 2021 15:31
entering extended mode
 restricted \write18 enabled.
 file:line:error style messages enabled.
 %&-line parsing enabled.
**c:/Users/Samtari/Downloads/sts_latex/latex/main.tex
(c:/Users/Samtari/Downloads/sts_latex/latex/main.tex
LaTeX2e <2021-06-01> patch level 1
L3 programming layer <2021-10-18> (c:/texlive/2021/texmf-dist/tex/latex/achemso/achemso.cls
Document Class: achemso 2021-01-20 v3.13c Submission to ACS journals
(c:/texlive/2021/texmf-dist/tex/latex/base/article.cls
Document Class: article 2021/02/12 v1.4n Standard LaTeX document class
(c:/texlive/2021/texmf-dist/tex/latex/base/size12.clo
File: size12.clo 2021/02/12 v1.4n Standard LaTeX file (size option)
)
\c@part=\count182
\c@section=\count183
\c@subsection=\count184
\c@subsubsection=\count185
\c@paragraph=\count186
\c@subparagraph=\count187
\c@figure=\count188
\c@table=\count189
\abovecaptionskip=\skip47
\belowcaptionskip=\skip48
\bibindent=\dimen138
) (c:/texlive/2021/texmf-dist/tex/latex/xkeyval/xkeyval.sty
Package: xkeyval 2020/11/20 v2.8 package option processing (HA)
 (c:/texlive/2021/texmf-dist/tex/generic/xkeyval/xkeyval.tex (c:/texlive/2021/texmf-dist/tex/generic/xkeyval/xkvutils.tex
\XKV@toks=\toks16
\XKV@tempa@toks=\toks17
 (c:/texlive/2021/texmf-dist/tex/generic/xkeyval/keyval.tex))
\XKV@depth=\count190
File: xkeyval.tex 2014/12/03 v2.7a key=value parser (HA)
))
\acs@bib@file=\write3
\c@bibnote=\count191
 (c:/texlive/2021/texmf-dist/tex/latex/geometry/geometry.sty
Package: geometry 2020/01/02 v5.9 Page Geometry
 (c:/texlive/2021/texmf-dist/tex/generic/iftex/ifvtex.sty
Package: ifvtex 2019/10/25 v1.7 ifvtex legacy package. Use iftex instead.
 (c:/texlive/2021/texmf-dist/tex/generic/iftex/iftex.sty
Package: iftex 2020/03/06 v1.0d TeX engine tests
))
\Gm@cnth=\count192
\Gm@cntv=\count193
\c@Gm@tempcnt=\count194
\Gm@bindingoffset=\dimen139
\Gm@wd@mp=\dimen140
\Gm@odd@mp=\dimen141
\Gm@even@mp=\dimen142
\Gm@layoutwidth=\dimen143
\Gm@layoutheight=\dimen144
\Gm@layouthoffset=\dimen145
\Gm@layoutvoffset=\dimen146
\Gm@dimlist=\toks18
) (c:/texlive/2021/texmf-dist/tex/latex/caption/caption.sty
Package: caption 2020/10/26 v3.5g Customizing captions (AR)
 (c:/texlive/2021/texmf-dist/tex/latex/caption/caption3.sty
Package: caption3 2020/10/21 v2.2e caption3 kernel (AR)
\captionmargin=\dimen147
\captionmargin@=\dimen148
\captionwidth=\dimen149
\caption@tempdima=\dimen150
\caption@indent=\dimen151
\caption@parindent=\dimen152
\caption@hangindent=\dimen153
Package caption Info: Standard document class detected.
)
\c@caption@flags=\count195
\c@continuedfloat=\count196
) (c:/texlive/2021/texmf-dist/tex/latex/float/float.sty
Package: float 2001/11/08 v1.3d Float enhancements (AL)
\c@float@type=\count197
\float@exts=\toks19
\float@box=\box50
\@float@everytoks=\toks20
\@floatcapt=\box51
) (c:/texlive/2021/texmf-dist/tex/latex/graphics/graphicx.sty
Package: graphicx 2020/12/05 v1.2c Enhanced LaTeX Graphics (DPC,SPQR)
 (c:/texlive/2021/texmf-dist/tex/latex/graphics/graphics.sty
Package: graphics 2021/03/04 v1.4d Standard LaTeX Graphics (DPC,SPQR)
 (c:/texlive/2021/texmf-dist/tex/latex/graphics/trig.sty
Package: trig 2016/01/03 v1.10 sin cos tan (DPC)
) (c:/texlive/2021/texmf-dist/tex/latex/graphics-cfg/graphics.cfg
File: graphics.cfg 2016/06/04 v1.11 sample graphics configuration
)
Package graphics Info: Driver file: pdftex.def on input line 107.
 (c:/texlive/2021/texmf-dist/tex/latex/graphics-def/pdftex.def
File: pdftex.def 2020/10/05 v1.2a Graphics/color driver for pdftex
))
\Gin@req@height=\dimen154
\Gin@req@width=\dimen155
) (c:/texlive/2021/texmf-dist/tex/latex/setspace/setspace.sty
Package: setspace 2011/12/19 v6.7a set line spacing
) (c:/texlive/2021/texmf-dist/tex/latex/url/url.sty
\Urlmuskip=\muskip16
Package: url 2013/09/16  ver 3.4  Verb mode for urls, etc.
)
\acs@author@cnt=\count198
\acs@affil@cnt=\count199
\acs@affil@alt@cnt=\count266
\acs@footnote@cnt=\count267
\acs@affil@marker@cnt=\count268
\acs@space@pre@title=\skip49
\acs@space@post@title=\skip50
\acs@space@post@author=\skip51
\acs@space@post@address=\skip52
\acs@space@post@email=\skip53
\acs@maketitle@width=\skip54
\@float@every@scheme=\toks21
\c@scheme=\count269
\@float@every@chart=\toks22
\c@chart=\count270
\@float@every@graph=\toks23
\c@graph=\count271
\@float@every@table=\toks24
\acs@collect@toks=\toks25
\acs@collect@empty@toks=\toks26
\acs@tocentry@height=\skip55
\acs@tocentry@width=\skip56
 (c:/texlive/2021/texmf-dist/tex/latex/achemso/achemso-langd5.cfg
File: achemso-langd5.cfg 2021-01-20 v3.13c achemso configuration: Langmuir
) (c:/texlive/2021/texmf-dist/tex/latex/natbib/natbib.sty
Package: natbib 2010/09/13 8.31b (PWD, AO)
\bibhang=\skip57
\bibsep=\skip58
LaTeX Info: Redefining \cite on input line 694.
\c@NAT@ctr=\count272
) (./natmove.sty
Package: natmove 2010/01/15 v1.1a Automatic citation moving with natbib
) (c:/texlive/2021/texmf-dist/tex/latex/mciteplus/mciteplus.sty
Package: mciteplus 2013/09/13 v1.2 enhanced mcite
\@mcitetmptoksA=\toks27
\@mcitetmpdima=\dimen156
\@mcitetmpdimb=\dimen157
\@mcitetmpcnta=\count273
\@mcitetmpcntb=\count274
\c@mcitebibitemcount=\count275
\c@mcitesubitemcount=\count276

** mciteplus: Detected natbib.sty. Invoking hooks.
)) (c:/texlive/2021/texmf-dist/tex/latex/mhchem/mhchem.sty
Package: mhchem 2018/06/22 v4.08 for typesetting chemical formulae
 (c:/texlive/2021/texmf-dist/tex/latex/l3kernel/expl3.sty
Package: expl3 2021-10-18 L3 programming layer (loader) 
 (c:/texlive/2021/texmf-dist/tex/latex/l3backend/l3backend-pdftex.def
File: l3backend-pdftex.def 2021-10-18 L3 backend support: PDF output (pdfTeX)
\l__color_backend_stack_int=\count277
\l__pdf_internal_box=\box52
)) (c:/texlive/2021/texmf-dist/tex/latex/l3packages/l3keys2e/l3keys2e.sty
Package: l3keys2e 2021-08-27 LaTeX2e option processing using LaTeX3 keys
) (c:/texlive/2021/texmf-dist/tex/latex/tools/calc.sty
Package: calc 2017/05/25 v4.3 Infix arithmetic (KKT,FJ)
\calc@Acount=\count278
\calc@Bcount=\count279
\calc@Adimen=\dimen158
\calc@Bdimen=\dimen159
\calc@Askip=\skip59
\calc@Bskip=\skip60
LaTeX Info: Redefining \setlength on input line 80.
LaTeX Info: Redefining \addtolength on input line 81.
\calc@Ccount=\count280
\calc@Cskip=\skip61
) (c:/texlive/2021/texmf-dist/tex/latex/amsmath/amsmath.sty
Package: amsmath 2021/04/20 v2.17j AMS math features
\@mathmargin=\skip62

For additional information on amsmath, use the `?' option.
(c:/texlive/2021/texmf-dist/tex/latex/amsmath/amstext.sty
Package: amstext 2000/06/29 v2.01 AMS text
 (c:/texlive/2021/texmf-dist/tex/latex/amsmath/amsgen.sty
File: amsgen.sty 1999/11/30 v2.0 generic functions
\@emptytoks=\toks28
\ex@=\dimen160
)) (c:/texlive/2021/texmf-dist/tex/latex/amsmath/amsbsy.sty
Package: amsbsy 1999/11/29 v1.2d Bold Symbols
\pmbraise@=\dimen161
) (c:/texlive/2021/texmf-dist/tex/latex/amsmath/amsopn.sty
Package: amsopn 2016/03/08 v2.02 operator names
)
\inf@bad=\count281
LaTeX Info: Redefining \frac on input line 234.
\uproot@=\count282
\leftroot@=\count283
LaTeX Info: Redefining \overline on input line 399.
\classnum@=\count284
\DOTSCASE@=\count285
LaTeX Info: Redefining \ldots on input line 496.
LaTeX Info: Redefining \dots on input line 499.
LaTeX Info: Redefining \cdots on input line 620.
\Mathstrutbox@=\box53
\strutbox@=\box54
\big@size=\dimen162
LaTeX Font Info:    Redeclaring font encoding OML on input line 743.
LaTeX Font Info:    Redeclaring font encoding OMS on input line 744.
\macc@depth=\count286
\c@MaxMatrixCols=\count287
\dotsspace@=\muskip17
\c@parentequation=\count288
\dspbrk@lvl=\count289
\tag@help=\toks29
\row@=\count290
\column@=\count291
\maxfields@=\count292
\andhelp@=\toks30
\eqnshift@=\dimen163
\alignsep@=\dimen164
\tagshift@=\dimen165
\tagwidth@=\dimen166
\totwidth@=\dimen167
\lineht@=\dimen168
\@envbody=\toks31
\multlinegap=\skip63
\multlinetaggap=\skip64
\mathdisplay@stack=\toks32
LaTeX Info: Redefining \[ on input line 2923.
LaTeX Info: Redefining \] on input line 2924.
) (c:/texlive/2021/texmf-dist/tex/latex/chemgreek/chemgreek.sty (c:/texlive/2021/texmf-dist/tex/latex/l3packages/xparse/xparse.sty
Package: xparse 2021-08-27 L3 Experimental document command parser
)
Package: chemgreek 2020/01/16 v1.1a interface for upright Greek letters for use in chemistry (CN)
\l__chemgreek_tmpa_int=\count293
\g__chemgreek_tmpa_int=\count294
)
\l__mhchem_ce_distanceFromLastComma_int=\count295
\__mhchem_arrow_extPgfLength_skip=\skip65
\mhchem@minispace@tmp=\skip66
\mhchem@minibackspace@tmp=\skip67
\mhchem@bondwidth=\skip68
\mhchem@bondheight=\skip69
\mhchem@smallbondwidth@tmpA=\skip70
\mhchem@smallbondwidth@tmpB=\skip71
\mhchem@smallbondwidth=\skip72
\mhchem@bondtmp@minussidebearingleft=\skip73
\mhchem@bondtmp@minussidebearingright=\skip74
\l__mhchem_option_version_int=\count296
\mhchem@option@minusmathsidebearingleft=\dimen169
\mhchem@option@minusmathsidebearingright=\dimen170
\mhchem@option@minustextsidebearingleft=\dimen171
\mhchem@option@minustextsidebearingright=\dimen172
) (c:/texlive/2021/texmf-dist/tex/latex/comment/comment.sty
\CommentStream=\write4
 Excluding comment 'comment') (c:/texlive/2021/texmf-dist/tex/generic/soul/soul.sty
Package: soul 2003/11/17 v2.4 letterspacing/underlining (mf)
\SOUL@word=\toks33
\SOUL@lasttoken=\toks34
\SOUL@cmds=\toks35
\SOUL@buffer=\toks36
\SOUL@token=\toks37
\SOUL@spaceskip=\skip75
\SOUL@ttwidth=\dimen173
\SOUL@uldp=\dimen174
\SOUL@ulht=\dimen175
) (c:/texlive/2021/texmf-dist/tex/latex/placeins/placeins.sty
Package: placeins 2005/04/18  v 2.2
) (c:/texlive/2021/texmf-dist/tex/latex/xcolor/xcolor.sty
Package: xcolor 2016/05/11 v2.12 LaTeX color extensions (UK)
 (c:/texlive/2021/texmf-dist/tex/latex/graphics-cfg/color.cfg
File: color.cfg 2016/01/02 v1.6 sample color configuration
)
Package xcolor Info: Driver file: pdftex.def on input line 225.
Package xcolor Info: Model `cmy' substituted by `cmy0' on input line 1348.
Package xcolor Info: Model `hsb' substituted by `rgb' on input line 1352.
Package xcolor Info: Model `RGB' extended on input line 1364.
Package xcolor Info: Model `HTML' substituted by `rgb' on input line 1366.
Package xcolor Info: Model `Hsb' substituted by `hsb' on input line 1367.
Package xcolor Info: Model `tHsb' substituted by `hsb' on input line 1368.
Package xcolor Info: Model `HSB' substituted by `hsb' on input line 1369.
Package xcolor Info: Model `Gray' substituted by `gray' on input line 1370.
Package xcolor Info: Model `wave' substituted by `hsb' on input line 1371.
 (c:/texlive/2021/texmf-dist/tex/latex/graphics/dvipsnam.def
File: dvipsnam.def 2016/06/17 v3.0m Driver-dependent file (DPC,SPQR)
)) (./main.aux)
\openout1 = `main.aux'.

LaTeX Font Info:    Checking defaults for OML/cmm/m/it on input line 117.
LaTeX Font Info:    ... okay on input line 117.
LaTeX Font Info:    Checking defaults for OMS/cmsy/m/n on input line 117.
LaTeX Font Info:    ... okay on input line 117.
LaTeX Font Info:    Checking defaults for OT1/cmr/m/n on input line 117.
LaTeX Font Info:    ... okay on input line 117.
LaTeX Font Info:    Checking defaults for T1/cmr/m/n on input line 117.
LaTeX Font Info:    ... okay on input line 117.
LaTeX Font Info:    Checking defaults for TS1/cmr/m/n on input line 117.
LaTeX Font Info:    ... okay on input line 117.
LaTeX Font Info:    Checking defaults for OMX/cmex/m/n on input line 117.
LaTeX Font Info:    ... okay on input line 117.
LaTeX Font Info:    Checking defaults for U/cmr/m/n on input line 117.
LaTeX Font Info:    ... okay on input line 117.
\openout3 = `acs-main.bib'.


*geometry* driver: auto-detecting
*geometry* detected driver: pdftex
*geometry* verbose mode - [ preamble ] result:
* driver: pdftex
* paper: <default>
* layout: <same size as paper>
* layoutoffset:(h,v)=(0.0pt,0.0pt)
* modes: 
* h-part:(L,W,R)=(72.2698pt, 469.75539pt, 72.2698pt)
* v-part:(T,H,B)=(72.2698pt, 650.43037pt, 72.2698pt)
* \paperwidth=614.295pt
* \paperheight=794.96999pt
* \textwidth=469.75539pt
* \textheight=650.43037pt
* \oddsidemargin=-0.00018pt
* \evensidemargin=-0.00018pt
* \topmargin=-37.00018pt
* \headheight=12.0pt
* \headsep=25.0pt
* \topskip=12.0pt
* \footskip=30.0pt
* \marginparwidth=44.0pt
* \marginparsep=10.0pt
* \columnsep=10.0pt
* \skip\footins=10.8pt plus 4.0pt minus 2.0pt
* \hoffset=0.0pt
* \voffset=0.0pt
* \mag=1000
* \@twocolumnfalse
* \@twosidefalse
* \@mparswitchfalse
* \@reversemarginfalse
* (1in=72.27pt=25.4mm, 1cm=28.453pt)

Package caption Info: Begin \AtBeginDocument code.
Package caption Info: float package is loaded.
Package caption Info: End \AtBeginDocument code.
(c:/texlive/2021/texmf-dist/tex/context/base/mkii/supp-pdf.mkii
[Loading MPS to PDF converter (version 2006.09.02).]
\scratchcounter=\count297
\scratchdimen=\dimen176
\scratchbox=\box55
\nofMPsegments=\count298
\nofMParguments=\count299
\everyMPshowfont=\toks38
\MPscratchCnt=\count300
\MPscratchDim=\dimen177
\MPnumerator=\count301
\makeMPintoPDFobject=\count302
\everyMPtoPDFconversion=\toks39
) (c:/texlive/2021/texmf-dist/tex/latex/epstopdf-pkg/epstopdf-base.sty
Package: epstopdf-base 2020-01-24 v2.11 Base part for package epstopdf
 (c:/texlive/2021/texmf-dist/tex/generic/infwarerr/infwarerr.sty
Package: infwarerr 2019/12/03 v1.5 Providing info/warning/error messages (HO)
) (c:/texlive/2021/texmf-dist/tex/latex/grfext/grfext.sty
Package: grfext 2019/12/03 v1.3 Manage graphics extensions (HO)
 (c:/texlive/2021/texmf-dist/tex/generic/kvdefinekeys/kvdefinekeys.sty
Package: kvdefinekeys 2019-12-19 v1.6 Define keys (HO)
)) (c:/texlive/2021/texmf-dist/tex/latex/kvoptions/kvoptions.sty
Package: kvoptions 2020-10-07 v3.14 Key value format for package options (HO)
 (c:/texlive/2021/texmf-dist/tex/generic/ltxcmds/ltxcmds.sty
Package: ltxcmds 2020-05-10 v1.25 LaTeX kernel commands for general use (HO)
) (c:/texlive/2021/texmf-dist/tex/generic/kvsetkeys/kvsetkeys.sty
Package: kvsetkeys 2019/12/15 v1.18 Key value parser (HO)
)) (c:/texlive/2021/texmf-dist/tex/generic/pdftexcmds/pdftexcmds.sty
Package: pdftexcmds 2020-06-27 v0.33 Utility functions of pdfTeX for LuaTeX (HO)
Package pdftexcmds Info: \pdf@primitive is available.
Package pdftexcmds Info: \pdf@ifprimitive is available.
Package pdftexcmds Info: \pdfdraftmode found.
)
Package epstopdf-base Info: Redefining graphics rule for `.eps' on input line 485.
Package grfext Info: Graphics extension search list:
(grfext)             [.pdf,.png,.jpg,.mps,.jpeg,.jbig2,.jb2,.PDF,.PNG,.JPG,.JPEG,.JBIG2,.JB2,.eps]
(grfext)             \AppendGraphicsExtensions on input line 504.
 (c:/texlive/2021/texmf-dist/tex/latex/latexconfig/epstopdf-sys.cfg
File: epstopdf-sys.cfg 2010/07/13 v1.3 Configuration of (r)epstopdf for TeX Live
))

Package chemgreek Info: Activating mapping `default' on line 117.

 [1

{c:/texlive/2021/texmf-var/fonts/map/pdftex/updmap/pdftex.map}]
Overfull \hbox (12.17712pt too wide) in paragraph at lines 173--175
\OT1/cmr/m/n/12 tha-la-mide) (PPTA), are well-known for their ex-cel-lent me-chan-i-cal prop-er-ties (su-pe-rior strength-
 []

[2] [3]
<Models.png, id=25, 959.585pt x 462.72874pt>
File: Models.png Graphic file (type png)
<use Models.png>
Package pdftex.def Info: Models.png  used on input line 253.
(pdftex.def)             Requested size: 479.79132pt x 231.3638pt.

Overfull \hbox (10.03593pt too wide) in paragraph at lines 253--254
 [][] 
 []

[4] [5 <./Models.png>]
<Stress-strain-Curves-and-Modulus.png, id=32, 1084.05pt x 433.62pt>
File: Stress-strain-Curves-and-Modulus.png Graphic file (type png)
<use Stress-strain-Curves-and-Modulus.png>
Package pdftex.def Info: Stress-strain-Curves-and-Modulus.png  used on input line 291.
(pdftex.def)             Requested size: 487.818pt x 195.1272pt.

Overfull \hbox (18.0626pt too wide) in paragraph at lines 291--292
 [][] 
 []


LaTeX Warning: `!h' float specifier changed to `!ht'.

[6]
<SideView-Waviness-and-Low-strain-Modulus.png, id=36, 867.24pt x 433.62pt>
File: SideView-Waviness-and-Low-strain-Modulus.png Graphic file (type png)
<use SideView-Waviness-and-Low-strain-Modulus.png>
Package pdftex.def Info: SideView-Waviness-and-Low-strain-Modulus.png  used on input line 314.
(pdftex.def)             Requested size: 476.98349pt x 238.49173pt.

Overfull \hbox (7.2281pt too wide) in paragraph at lines 314--315
 [][] 
 []


LaTeX Warning: `!h' float specifier changed to `!ht'.

[7 <./Stress-strain-Curves-and-Modulus.png>]
<Stress-strain-Curve-SingleChain-vs-Crystal.png, id=42, 1084.05pt x 433.62pt>
File: Stress-strain-Curve-SingleChain-vs-Crystal.png Graphic file (type png)
<use Stress-strain-Curve-SingleChain-vs-Crystal.png>
Package pdftex.def Info: Stress-strain-Curve-SingleChain-vs-Crystal.png  used on input line 336.
(pdftex.def)             Requested size: 487.818pt x 195.1272pt.

Overfull \hbox (18.0626pt too wide) in paragraph at lines 336--337
 [][] 
 []


LaTeX Warning: `!h' float specifier changed to `!ht'.

[8 <./SideView-Waviness-and-Low-strain-Modulus.png>]
<Slip-and-Rotation-vs-Strain.png, id=47, 824.6007pt x 575.9919pt>
File: Slip-and-Rotation-vs-Strain.png Graphic file (type png)
<use Slip-and-Rotation-vs-Strain.png>
Package pdftex.def Info: Slip-and-Rotation-vs-Strain.png  used on input line 366.
(pdftex.def)             Requested size: 453.53178pt x 316.79651pt.
 [9 <./Stress-strain-Curve-SingleChain-vs-Crystal.png>] [10 <./Slip-and-Rotation-vs-Strain.png>]
<Coplanarity.png, id=56, 774.7344pt x 592.8549pt>
File: Coplanarity.png Graphic file (type png)
<use Coplanarity.png>
Package pdftex.def Info: Coplanarity.png  used on input line 402.
(pdftex.def)             Requested size: 464.84422pt x 355.71568pt.


LaTeX Warning: `!h' float specifier changed to `!ht'.

[11] [12 <./Coplanarity.png>] [13]
<Figure S1 sideviews.png, id=68, 824.6007pt x 575.9919pt>
File: Figure S1 sideviews.png Graphic file (type png)
<use Figure S1 sideviews.png>
Package pdftex.def Info: Figure S1 sideviews.png  used on input line 468.
(pdftex.def)             Requested size: 453.53178pt x 316.79651pt.
<Figure S2 SingleAndCrystal-PPTA-PAP5-PAP8.png, id=69, 903.375pt x 575.9919pt>
File: Figure S2 SingleAndCrystal-PPTA-PAP5-PAP8.png Graphic file (type png)
<use Figure S2 SingleAndCrystal-PPTA-PAP5-PAP8.png>
Package pdftex.def Info: Figure S2 SingleAndCrystal-PPTA-PAP5-PAP8.png  used on input line 476.
(pdftex.def)             Requested size: 496.85779pt x 316.79651pt.

Overfull \hbox (27.1024pt too wide) in paragraph at lines 476--478
 [][] 
 []


LaTeX Warning: `!h' float specifier changed to `!ht'.

<Figure S3 Parallelogram and Trapezoid.png, id=70, 933.4875pt x 677.53125pt>
File: Figure S3 Parallelogram and Trapezoid.png Graphic file (type png)
<use Figure S3 Parallelogram and Trapezoid.png>
Package pdftex.def Info: Figure S3 Parallelogram and Trapezoid.png  used on input line 485.
(pdftex.def)             Requested size: 326.72552pt x 237.13948pt.

LaTeX Warning: `!h' float specifier changed to `!ht'.

[14 <./Figure S1 sideviews.png>] [15 <./Figure S2 SingleAndCrystal-PPTA-PAP5-PAP8.png> <./Figure S3 Parallelogram and Trapezoid.png>]
<DFT_figure_chemdraw.png, id=79, 4364.05406pt x 2874.99094pt>
File: DFT_figure_chemdraw.png Graphic file (type png)
<use DFT_figure_chemdraw.png>
Package pdftex.def Info: DFT_figure_chemdraw.png  used on input line 496.
(pdftex.def)             Requested size: 375.80574pt x 247.55148pt.
 (./main.bbl [16

 <./DFT_figure_chemdraw.png>] [17] [18] [19] [20]
Underfull \hbox (badness 10000) in paragraph at lines 431--439
\OT1/cmtt/m/n/12 biovia / products / molecular-[]modeling-[]simulation / biovia-[]materials-[]studio$\OT1/cmr/m/n/12 ,
 []

[21] [22]
Underfull \hbox (badness 1253) in paragraph at lines 564--573
[]\OT1/cmr/m/n/12 Burattini, S.; Green-land, B. W.; Hayes, W.; Mackay, M. E.; Rowan, S. J.;
 []

[23]) [24] (./main.aux) ) 
Here is how much of TeX's memory you used:
 7715 strings out of 478579
 131334 string characters out of 5857457
 461441 words of memory out of 5000000
 25484 multiletter control sequences out of 15000+600000
 413772 words of font info for 63 fonts, out of 8000000 for 9000
 1141 hyphenation exceptions out of 8191
 84i,8n,131p,796b,527s stack positions out of 5000i,500n,10000p,200000b,80000s
{c:/texlive/2021/texmf-dist/fonts/enc/dvips/cm-super/cm-super-ts1.enc}<c:/texlive/2021/texmf-dist/fonts/type1/public/amsfonts/cm/cmbx10.pfb><c:/texlive/2021/texmf-dist/fonts/type1/public/amsfonts/cm/cmbx12.pfb><c:/texlive/2021/texmf-dist/fonts/type1/public/amsfonts/cm/cmmi10.pfb><c:/texlive/2021/texmf-dist/fonts/type1/public/amsfonts/cm/cmmi12.pfb><c:/texlive/2021/texmf-dist/fonts/type1/public/amsfonts/cm/cmr10.pfb><c:/texlive/2021/texmf-dist/fonts/type1/public/amsfonts/cm/cmr12.pfb><c:/texlive/2021/texmf-dist/fonts/type1/public/amsfonts/cm/cmr8.pfb><c:/texlive/2021/texmf-dist/fonts/type1/public/amsfonts/cm/cmss10.pfb><c:/texlive/2021/texmf-dist/fonts/type1/public/amsfonts/cm/cmss12.pfb><c:/texlive/2021/texmf-dist/fonts/type1/public/amsfonts/cm/cmssbx10.pfb><c:/texlive/2021/texmf-dist/fonts/type1/public/amsfonts/cm/cmsy10.pfb><c:/texlive/2021/texmf-dist/fonts/type1/public/amsfonts/cm/cmti12.pfb><c:/texlive/2021/texmf-dist/fonts/type1/public/amsfonts/cm/cmtt12.pfb><c:/texlive/2021/texmf-dist/fonts/type1/public/cm-super/sfrm1200.pfb>
Output written on main.pdf (24 pages, 1812750 bytes).
PDF statistics:
 171 PDF objects out of 1000 (max. 8388607)
 98 compressed objects within 1 object stream
 0 named destinations out of 1000 (max. 500000)
 51 words of extra memory for PDF output out of 10000 (max. 10000000)

